0 info it worked if it ends with ok
1 verbose cli [ 'C:\\Program Files (x86)\\nodejs\\node.exe',
1 verbose cli   'C:\\Program Files (x86)\\nodejs\\node_modules\\npm\\bin\\npm-cli.js',
1 verbose cli   'run',
1 verbose cli   'build' ]
2 info using npm@3.3.12
3 info using node@v5.5.0
4 verbose run-script [ 'prebuild', 'build', 'postbuild' ]
5 info lifecycle rust-in-node-examples@0.0.2~prebuild: rust-in-node-examples@0.0.2
6 silly lifecycle rust-in-node-examples@0.0.2~prebuild: no script for prebuild, continuing
7 info lifecycle rust-in-node-examples@0.0.2~build: rust-in-node-examples@0.0.2
8 verbose lifecycle rust-in-node-examples@0.0.2~build: unsafe-perm in lifecycle true
9 verbose lifecycle rust-in-node-examples@0.0.2~build: PATH: C:\Program Files (x86)\nodejs\node_modules\npm\bin\node-gyp-bin;C:\local_projects\rust\andr\rust-in-node-examples\node_modules\.bin;C:\ProgramData\Oracle\Java\javapath;C:\Program Files (x86)\Intel\iCLS Client\;C:\Program Files\Intel\iCLS Client\;C:\WINDOWS\system32;C:\WINDOWS;C:\WINDOWS\System32\Wbem;C:\WINDOWS\System32\WindowsPowerShell\v1.0\;C:\Program Files (x86)\Intel\OpenCL SDK\3.0\bin\x86;C:\Program Files (x86)\Intel\OpenCL SDK\3.0\bin\x64;C:\Program Files\Intel\Intel(R) Management Engine Components\DAL;C:\Program Files\Intel\Intel(R) Management Engine Components\IPT;C:\Program Files (x86)\Intel\Intel(R) Management Engine Components\DAL;C:\Program Files (x86)\Intel\Intel(R) Management Engine Components\IPT;C:\Python27;C:\Python27\Scripts;C:\xampp\php;C:\Program Files (x86)\Windows Live\Shared;C:\Program Files\Java\jdk1.7.0_67\bin;C:\Program Files\TortoiseSVN\bin;C:\adt-bundle-windows-x86_64-20140702\apache-ant-1.9.4\bin;C:\Program Files (x86)\nano-2.4.1-win32;C:\Go\bin;C:\Program Files (x86)\sbt\\bin;C:\Program Files (x86)\Skype\Phone\;C:\Program Files\Microsoft SQL Server\120\Tools\Binn\;C:\Program Files (x86)\Windows Kits\10\Windows Performance Toolkit\;C:\Users\andruhon\AppData\Local\Android\sdk\tools;C:\Users\andruhon\AppData\Local\Android\sdk\platform-tools;C:\Program Files (x86)\nodejs\;C:\Program Files\Microsoft SQL Server\110\Tools\Binn\;C:\Program Files (x86)\Git\cmd;C:\Program Files (x86)\Git\mingw32\bin;C:\Program Files (x86)\Git\usr\bin;C:\WINDOWS\system32\config\systemprofile\.dnx\bin;C:\Program Files\Microsoft DNX\Dnvm\;C:\multirust\bin;C:\multirust\bin;C:\ProgramData\chocolatey\bin;c:\Users\andruhon\AppData\Local\atom\bin;C:\Users\andruhon\AppData\Local\atom\bin;C:\Go\bin;C:\Users\andruhon\AppData\Roaming\npm
10 verbose lifecycle rust-in-node-examples@0.0.2~build: CWD: C:\local_projects\rust\andr\rust-in-node-examples
11 silly lifecycle rust-in-node-examples@0.0.2~build: Args: [ '/d /s /c',
11 silly lifecycle   'npm run build-rust && npm run build-addon && npm run install-rust' ]
12 silly lifecycle rust-in-node-examples@0.0.2~build: Returned: code: 1  signal: null
13 info lifecycle rust-in-node-examples@0.0.2~build: Failed to exec build script
14 verbose stack Error: rust-in-node-examples@0.0.2 build: `npm run build-rust && npm run build-addon && npm run install-rust`
14 verbose stack Exit status 1
14 verbose stack     at EventEmitter.<anonymous> (C:\Program Files (x86)\nodejs\node_modules\npm\lib\utils\lifecycle.js:232:16)
14 verbose stack     at emitTwo (events.js:100:13)
14 verbose stack     at EventEmitter.emit (events.js:185:7)
14 verbose stack     at ChildProcess.<anonymous> (C:\Program Files (x86)\nodejs\node_modules\npm\lib\utils\spawn.js:24:14)
14 verbose stack     at emitTwo (events.js:100:13)
14 verbose stack     at ChildProcess.emit (events.js:185:7)
14 verbose stack     at maybeClose (internal/child_process.js:821:16)
14 verbose stack     at Process.ChildProcess._handle.onexit (internal/child_process.js:211:5)
15 verbose pkgid rust-in-node-examples@0.0.2
16 verbose cwd C:\local_projects\rust\andr\rust-in-node-examples\src
17 error Windows_NT 10.0.10586
18 error argv "C:\\Program Files (x86)\\nodejs\\node.exe" "C:\\Program Files (x86)\\nodejs\\node_modules\\npm\\bin\\npm-cli.js" "run" "build"
19 error node v5.5.0
20 error npm  v3.3.12
21 error code ELIFECYCLE
22 error rust-in-node-examples@0.0.2 build: `npm run build-rust && npm run build-addon && npm run install-rust`
22 error Exit status 1
23 error Failed at the rust-in-node-examples@0.0.2 build script 'npm run build-rust && npm run build-addon && npm run install-rust'.
23 error Make sure you have the latest version of node.js and npm installed.
23 error If you do, this is most likely a problem with the rust-in-node-examples package,
23 error not with npm itself.
23 error Tell the author that this fails on your system:
23 error     npm run build-rust && npm run build-addon && npm run install-rust
23 error You can get their info via:
23 error     npm owner ls rust-in-node-examples
23 error There is likely additional logging output above.
24 verbose exit [ 1, true ]
